<?xml version="1.0" encoding="UTF-8"?>
<!-- Generated by org.testng.reporters.JUnitReportReporter -->
<testsuite skipped="0" hostname="Infva06522" name="day7.DeleteCookie" tests="1" failures="0" timestamp="12 Mar 2019 05:38:13 GMT" time="6.701" errors="0">
  <testcase name="deleteCookie" time="6.701" classname="day7.DeleteCookie"/>
</testsuite> <!-- day7.DeleteCookie -->
