<?xml version="1.0" encoding="UTF-8"?>
<!-- Generated by org.testng.reporters.JUnitReportReporter -->
<testsuite skipped="0" hostname="Infva06522" name="day9.Hybrid" tests="6" failures="0" timestamp="14 Mar 2019 07:24:18 GMT" time="8.315" errors="0">
  <testcase name="f" time="0.296" classname="day9.Hybrid"/>
  <testcase name="f" time="0.075" classname="day9.Hybrid"/>
  <testcase name="f" time="0.074" classname="day9.Hybrid"/>
  <testcase name="f" time="2.287" classname="day9.Hybrid"/>
  <testcase name="f" time="0.896" classname="day9.Hybrid"/>
  <testcase name="f" time="4.687" classname="day9.Hybrid"/>
</testsuite> <!-- day9.Hybrid -->
