<?xml version="1.0" encoding="UTF-8"?>
<!-- Generated by org.testng.reporters.JUnitReportReporter -->
<testsuite skipped="1" hostname="Infva06522" name="database.NewTest" tests="1" failures="0" timestamp="12 Mar 2019 04:11:22 GMT" time="0.000" errors="0">
  <testcase name="Login" time="0.000" classname="database.NewTest">
    <skipped/>
  </testcase> <!-- Login -->
</testsuite> <!-- database.NewTest -->
