<?xml version="1.0" encoding="UTF-8"?>
<!-- Generated by org.testng.reporters.JUnitReportReporter -->
<testsuite skipped="0" hostname="Infva06522" name="day9.KeywordExecute" tests="1" failures="0" timestamp="14 Mar 2019 05:33:07 GMT" time="9.000" errors="0">
  <testcase name="f" time="9.000" classname="day9.KeywordExecute"/>
</testsuite> <!-- day9.KeywordExecute -->
