<?xml version="1.0" encoding="UTF-8"?>
<!-- Generated by org.testng.reporters.JUnitReportReporter -->
<testsuite skipped="0" hostname="Infva06522" name="day7.CookieTest" tests="1" failures="0" timestamp="12 Mar 2019 04:45:33 GMT" time="6.791" errors="0">
  <testcase name="Google" time="6.791" classname="day7.CookieTest"/>
</testsuite> <!-- day7.CookieTest -->
