<?xml version="1.0" encoding="UTF-8"?>
<!-- Generated by org.testng.reporters.JUnitReportReporter -->
<testsuite skipped="0" hostname="Infva06522" name="day5.AnnAll" tests="2" failures="0" timestamp="11 Mar 2019 08:37:11 GMT" time="0.011" errors="0">
  <testcase name="test2" time="0.003" classname="day5.AnnAll"/>
  <testcase name="test1" time="0.008" classname="day5.AnnAll"/>
</testsuite> <!-- day5.AnnAll -->
