<?xml version="1.0" encoding="UTF-8"?>
<!-- Generated by org.testng.reporters.JUnitReportReporter -->
<testsuite skipped="0" hostname="Infva06522" name="pageObjectModel.OracleProjectStub" tests="1" failures="0" timestamp="13 Mar 2019 12:56:56 GMT" time="6.920" errors="0">
  <testcase name="f" time="6.920" classname="pageObjectModel.OracleProjectStub"/>
</testsuite> <!-- pageObjectModel.OracleProjectStub -->
